<?xml version="1.0" encoding="UTF-8"?>
<!-- Generated by org.testng.reporters.JUnitReportReporter -->
<testsuite hostname="DESKTOP-S9324RI" failures="0" tests="4" name="testNG_Package.TestNG_Class" time="138.198" errors="0" timestamp="05 Oct 2018 22:24:19 GMT" skipped="2">
  <testcase classname="testNG_Package.TestNG_Class" name="BookFlight" time="7.463"/>
  <testcase classname="testNG_Package.TestNG_Class" name="selectmethod_city" time="130.735"/>
  <testcase classname="testNG_Package.TestNG_Class" name="cselect_currency">
    <skipped/>
  </testcase> <!-- cselect_currency -->
  <testcase classname="testNG_Package.TestNG_Class" name="select_city">
    <skipped/>
  </testcase> <!-- select_city -->
</testsuite> <!-- testNG_Package.TestNG_Class -->
